# JRE version: Java(TM) SE Runtime Environment (9.0+11) (build 9.0.4+11)
# Java VM: Java HotSpot(TM) 64-Bit Server VM (9.0.4+11, mixed mode, tiered, compressed oops, g1 gc, windows-amd64)
Heap:
 garbage-first heap   total 157696K, used 125359K [0x0000000700000000, 0x00000007001004d0, 0x00000007c0000000)
  region size 1024K, 59 young (60416K), 3 survivors (3072K)
 Metaspace       used 81795K, capacity 88018K, committed 88168K, reserved 1126400K
  class space    used 11072K, capacity 12141K, committed 12156K, reserved 1048576K
GC Heap History (10 events):
Event: 1559.603 GC heap before
{Heap before GC invocations=211 (full 44):
 garbage-first heap   total 157696K, used 127604K [0x0000000700000000, 0x00000007001004d0, 0x00000007c0000000)
  region size 1024K, 60 young (61440K), 2 survivors (2048K)
 Metaspace       used 81111K, capacity 87244K, committed 87400K, reserved 1124352K
  class space    used 11006K, capacity 12076K, committed 12156K, reserved 1048576K
}
Event: 1559.605 GC heap after
{Heap after GC invocations=212 (full 44):
 garbage-first heap   total 157696K, used 68200K [0x0000000700000000, 0x00000007001004d0, 0x00000007c0000000)
  region size 1024K, 2 young (2048K), 2 survivors (2048K)
 Metaspace       used 81111K, capacity 87244K, committed 87400K, reserved 1124352K
  class space    used 11006K, capacity 12076K, committed 12156K, reserved 1048576K
}
Event: 1563.342 GC heap before
{Heap before GC invocations=212 (full 44):
 garbage-first heap   total 157696K, used 127592K [0x0000000700000000, 0x00000007001004d0, 0x00000007c0000000)
  region size 1024K, 60 young (61440K), 2 survivors (2048K)
 Metaspace       used 81133K, capacity 87308K, committed 87656K, reserved 1124352K
  class space    used 11006K, capacity 12076K, committed 12156K, reserved 1048576K
}
Event: 1563.344 GC heap after
{Heap after GC invocations=213 (full 44):
 garbage-first heap   total 157696K, used 68946K [0x0000000700000000, 0x00000007001004d0, 0x00000007c0000000)
  region size 1024K, 3 young (3072K), 3 survivors (3072K)
 Metaspace       used 81133K, capacity 87308K, committed 87656K, reserved 1124352K
  class space    used 11006K, capacity 12076K, committed 12156K, reserved 1048576K
}
Event: 1565.908 GC heap before
{Heap before GC invocations=213 (full 44):
 garbage-first heap   total 157696K, used 127314K [0x0000000700000000, 0x00000007001004d0, 0x00000007c0000000)
  region size 1024K, 60 young (61440K), 3 survivors (3072K)
 Metaspace       used 81181K, capacity 87308K, committed 87656K, reserved 1124352K
  class space    used 11009K, capacity 12076K, committed 12156K, reserved 1048576K
}
Event: 1565.910 GC heap after
{Heap after GC invocations=214 (full 44):
 garbage-first heap   total 157696K, used 68165K [0x0000000700000000, 0x00000007001004d0, 0x00000007c0000000)
  region size 1024K, 2 young (2048K), 2 survivors (2048K)
 Metaspace       used 81181K, capacity 87308K, committed 87656K, reserved 1124352K
  class space    used 11009K, capacity 12076K, committed 12156K, reserved 1048576K
}
Event: 1573.450 GC heap before
{Heap before GC invocations=214 (full 44):
 garbage-first heap   total 157696K, used 127557K [0x0000000700000000, 0x00000007001004d0, 0x00000007c0000000)
  region size 1024K, 60 young (61440K), 2 survivors (2048K)
 Metaspace       used 81407K, capacity 87500K, committed 87656K, reserved 1124352K
  class space    used 11024K, capacity 12076K, committed 12156K, reserved 1048576K
}
Event: 1573.452 GC heap after
{Heap after GC invocations=215 (full 44):
 garbage-first heap   total 157696K, used 69050K [0x0000000700000000, 0x00000007001004d0, 0x00000007c0000000)
  region size 1024K, 3 young (3072K), 3 survivors (3072K)
 Metaspace       used 81407K, capacity 87500K, committed 87656K, reserved 1124352K
  class space    used 11024K, capacity 12076K, committed 12156K, reserved 1048576K
}
Event: 1576.817 GC heap before
{Heap before GC invocations=215 (full 44):
 garbage-first heap   total 157696K, used 127418K [0x0000000700000000, 0x00000007001004d0, 0x00000007c0000000)
  region size 1024K, 60 young (61440K), 3 survivors (3072K)
 Metaspace       used 81452K, capacity 87660K, committed 87912K, reserved 1124352K
  class space    used 11035K, capacity 12108K, committed 12156K, reserved 1048576K
}
Event: 1576.819 GC heap after
{Heap after GC invocations=216 (full 44):
 garbage-first heap   total 157696K, used 69039K [0x0000000700000000, 0x00000007001004d0, 0x00000007c0000000)
  region size 1024K, 3 young (3072K), 3 survivors (3072K)
 Metaspace       used 81452K, capacity 87660K, committed 87912K, reserved 1124352K
  class space    used 11035K, capacity 12108K, committed 12156K, reserved 1048576K
}

