# JRE version: Java(TM) SE Runtime Environment (9.0+11) (build 9.0.4+11)
# Java VM: Java HotSpot(TM) 64-Bit Server VM (9.0.4+11, mixed mode, tiered, compressed oops, g1 gc, windows-amd64)
Heap:
 garbage-first heap   total 144384K, used 113984K [0x0000000700000000, 0x0000000700100468, 0x00000007c0000000)
  region size 1024K, 51 young (52224K), 2 survivors (2048K)
 Metaspace       used 70010K, capacity 74516K, committed 74800K, reserved 1114112K
  class space    used 9683K, capacity 10476K, committed 10544K, reserved 1048576K
GC Heap History (10 events):
Event: 472.704 GC heap before
{Heap before GC invocations=31 (full 1):
 garbage-first heap   total 144384K, used 121235K [0x0000000700000000, 0x0000000700100468, 0x00000007c0000000)
  region size 1024K, 60 young (61440K), 4 survivors (4096K)
 Metaspace       used 69471K, capacity 73958K, committed 74288K, reserved 1114112K
  class space    used 9639K, capacity 10441K, committed 10544K, reserved 1048576K
}
Event: 472.707 GC heap after
{Heap after GC invocations=32 (full 1):
 garbage-first heap   total 144384K, used 64323K [0x0000000700000000, 0x0000000700100468, 0x00000007c0000000)
  region size 1024K, 5 young (5120K), 5 survivors (5120K)
 Metaspace       used 69471K, capacity 73958K, committed 74288K, reserved 1114112K
  class space    used 9639K, capacity 10441K, committed 10544K, reserved 1048576K
}
Event: 635.199 GC heap before
{Heap before GC invocations=32 (full 1):
 garbage-first heap   total 144384K, used 120643K [0x0000000700000000, 0x0000000700100468, 0x00000007c0000000)
  region size 1024K, 60 young (61440K), 5 survivors (5120K)
 Metaspace       used 69499K, capacity 73958K, committed 74288K, reserved 1114112K
  class space    used 9639K, capacity 10441K, committed 10544K, reserved 1048576K
}
Event: 635.202 GC heap after
{Heap after GC invocations=33 (full 1):
 garbage-first heap   total 144384K, used 64424K [0x0000000700000000, 0x0000000700100468, 0x00000007c0000000)
  region size 1024K, 5 young (5120K), 5 survivors (5120K)
 Metaspace       used 69499K, capacity 73958K, committed 74288K, reserved 1114112K
  class space    used 9639K, capacity 10441K, committed 10544K, reserved 1048576K
}
Event: 797.881 GC heap before
{Heap before GC invocations=33 (full 1):
 garbage-first heap   total 144384K, used 120744K [0x0000000700000000, 0x0000000700100468, 0x00000007c0000000)
  region size 1024K, 60 young (61440K), 5 survivors (5120K)
 Metaspace       used 69550K, capacity 74022K, committed 74288K, reserved 1114112K
  class space    used 9639K, capacity 10441K, committed 10544K, reserved 1048576K
}
Event: 797.884 GC heap after
{Heap after GC invocations=34 (full 1):
 garbage-first heap   total 144384K, used 64477K [0x0000000700000000, 0x0000000700100468, 0x00000007c0000000)
  region size 1024K, 4 young (4096K), 4 survivors (4096K)
 Metaspace       used 69550K, capacity 74022K, committed 74288K, reserved 1114112K
  class space    used 9639K, capacity 10441K, committed 10544K, reserved 1048576K
}
Event: 885.794 GC heap before
{Heap before GC invocations=34 (full 1):
 garbage-first heap   total 144384K, used 121821K [0x0000000700000000, 0x0000000700100468, 0x00000007c0000000)
  region size 1024K, 60 young (61440K), 4 survivors (4096K)
 Metaspace       used 69557K, capacity 74086K, committed 74288K, reserved 1114112K
  class space    used 9639K, capacity 10441K, committed 10544K, reserved 1048576K
}
Event: 885.796 GC heap after
{Heap after GC invocations=35 (full 1):
 garbage-first heap   total 144384K, used 64223K [0x0000000700000000, 0x0000000700100468, 0x00000007c0000000)
  region size 1024K, 2 young (2048K), 2 survivors (2048K)
 Metaspace       used 69557K, capacity 74086K, committed 74288K, reserved 1114112K
  class space    used 9639K, capacity 10441K, committed 10544K, reserved 1048576K
}
Event: 890.109 GC heap before
{Heap before GC invocations=35 (full 1):
 garbage-first heap   total 144384K, used 123615K [0x0000000700000000, 0x0000000700100468, 0x00000007c0000000)
  region size 1024K, 60 young (61440K), 2 survivors (2048K)
 Metaspace       used 69684K, capacity 74150K, committed 74288K, reserved 1114112K
  class space    used 9650K, capacity 10441K, committed 10544K, reserved 1048576K
}
Event: 890.112 GC heap after
{Heap after GC invocations=36 (full 1):
 garbage-first heap   total 144384K, used 64832K [0x0000000700000000, 0x0000000700100468, 0x00000007c0000000)
  region size 1024K, 2 young (2048K), 2 survivors (2048K)
 Metaspace       used 69684K, capacity 74150K, committed 74288K, reserved 1114112K
  class space    used 9650K, capacity 10441K, committed 10544K, reserved 1048576K
}

